Line 44: Class ComctlLib.StatusBar of control stb was not a loaded control class.
Line 64: Class TabDlg.SSTab of control tabMain was not a loaded control class.
Line 740: Class ComctlLib.ListView of control lvwNonCompliant was not a loaded control class.
Line 1003: Class MSComCtl2.DTPicker of control dtpPromoEnd was not a loaded control class.
Line 1016: Class MSComCtl2.DTPicker of control dtpPromoStart was not a loaded control class.
Line 1029: Class VSFlex8Ctl.VSFlexGrid of control grdPromoTabRebates was not a loaded control class.
Line 1229: Class VSFlex8Ctl.VSFlexGrid of control grdAztecUploads was not a loaded control class.
Line 1403: Class ComctlLib.ListView of control lvwVersions was not a loaded control class.
Line 1468: Class ComctlLib.ListView of control lvwUploadsPending was not a loaded control class.
Line 2019: Class Spin.SpinButton of control spnProductReportFinishDate was not a loaded control class.
Line 2036: Class Spin.SpinButton of control spnProductReportStartDate was not a loaded control class.
Line 2091: Class Spin.SpinButton of control spnStickReportStartDate was not a loaded control class.
Line 2108: Class Spin.SpinButton of control spnStickReportFinishDate was not a loaded control class.
Line 2810: Class MSComCtl2.UpDown of control updNielsenRptTxDate was not a loaded control class.
Line 2825: Class MSComCtl2.DTPicker of control dtpNielsenRptTxDate was not a loaded control class.
Line 3004: Class Spin.SpinButton of control spnTopSellers was not a loaded control class.
Line 3223: Class Spin.SpinButton of control spnPRProductReportFinishDate was not a loaded control class.
Line 3240: Class Spin.SpinButton of control spnPRProductReportStartDate was not a loaded control class.
Line 3835: Class VSFlex8Ctl.VSFlexGrid of control grdBataRpts was not a loaded control class.
Line 3932: Class MSComCtl2.DTPicker of control dtpBataTabTxDate was not a loaded control class.
Line 3964: Class ComctlLib.ListView of control lvwPromo was not a loaded control class.
Line 4058: Class ComctlLib.ListView of control lvwProductReport was not a loaded control class.
Line 4146: Class RichTextLib.RichTextBox of control rtxNielsenReportContents was not a loaded control class.
Line 4171: Class ComctlLib.ListView of control lvwStickReport was not a loaded control class.
Line 4217: Class ComctlLib.ListView of control lvwPRProductReport was not a loaded control class.
Line 4276: Class ComctlLib.ListView of control lvwEventLog was not a loaded control class.
Line 51: The property name _ExtentX in stb is invalid.
Line 52: The property name _ExtentY in stb is invalid.
Line 53: The property name Style in stb is invalid.
Line 54: The property name SimpleText in stb is invalid.
Line 55: The property name _Version in stb is invalid.
Line 62: The property name Panels in stb is invalid.
Line 70: The property name _ExtentX in tabMain is invalid.
Line 71: The property name _ExtentY in tabMain is invalid.
Line 72: The property name _Version in tabMain is invalid.
Line 73: The property name Tabs in tabMain is invalid.
Line 74: The property name TabsPerRow in tabMain is invalid.
Line 75: The property name TabHeight in tabMain is invalid.
Line 85: The property name TabCaption(0) in tabMain is invalid.
Line 86: The property name TabPicture(0) in tabMain is invalid.
Line 87: The property name Tab(0).ControlEnabled in tabMain is invalid.
Line 88: The property name Tab(0).Control(0) in tabMain is invalid.
Line 89: The property name Tab(0).Control(0).Enabled in tabMain is invalid.
Line 90: The property name Tab(0).Control(1) in tabMain is invalid.
Line 91: The property name Tab(0).Control(1).Enabled in tabMain is invalid.
Line 92: The property name Tab(0).Control(2) in tabMain is invalid.
Line 93: The property name Tab(0).Control(2).Enabled in tabMain is invalid.
Line 94: The property name Tab(0).Control(3) in tabMain is invalid.
Line 95: The property name Tab(0).Control(3).Enabled in tabMain is invalid.
Line 96: The property name Tab(0).Control(4) in tabMain is invalid.
Line 97: The property name Tab(0).Control(4).Enabled in tabMain is invalid.
Line 98: The property name Tab(0).Control(5) in tabMain is invalid.
Line 99: The property name Tab(0).Control(5).Enabled in tabMain is invalid.
Line 100: The property name Tab(0).Control(6) in tabMain is invalid.
Line 101: The property name Tab(0).Control(6).Enabled in tabMain is invalid.
Line 102: The property name Tab(0).Control(7) in tabMain is invalid.
Line 103: The property name Tab(0).Control(7).Enabled in tabMain is invalid.
Line 104: The property name Tab(0).Control(8) in tabMain is invalid.
Line 105: The property name Tab(0).Control(8).Enabled in tabMain is invalid.
Line 106: The property name Tab(0).Control(9) in tabMain is invalid.
Line 107: The property name Tab(0).Control(9).Enabled in tabMain is invalid.
Line 108: The property name Tab(0).Control(10) in tabMain is invalid.
Line 109: The property name Tab(0).Control(10).Enabled in tabMain is invalid.
Line 110: The property name Tab(0).Control(11) in tabMain is invalid.
Line 111: The property name Tab(0).Control(11).Enabled in tabMain is invalid.
Line 112: The property name Tab(0).Control(12) in tabMain is invalid.
Line 113: The property name Tab(0).Control(12).Enabled in tabMain is invalid.
Line 114: The property name Tab(0).Control(13) in tabMain is invalid.
Line 115: The property name Tab(0).Control(13).Enabled in tabMain is invalid.
Line 116: The property name Tab(0).ControlCount in tabMain is invalid.
Line 117: The property name TabCaption(1) in tabMain is invalid.
Line 118: The property name TabPicture(1) in tabMain is invalid.
Line 119: The property name Tab(1).ControlEnabled in tabMain is invalid.
Line 120: The property name Tab(1).Control(0) in tabMain is invalid.
Line 121: The property name Tab(1).Control(1) in tabMain is invalid.
Line 122: The property name Tab(1).Control(2) in tabMain is invalid.
Line 123: The property name Tab(1).Control(3) in tabMain is invalid.
Line 124: The property name Tab(1).Control(4) in tabMain is invalid.
Line 125: The property name Tab(1).Control(5) in tabMain is invalid.
Line 126: The property name Tab(1).Control(6) in tabMain is invalid.
Line 127: The property name Tab(1).Control(7) in tabMain is invalid.
Line 128: The property name Tab(1).Control(8) in tabMain is invalid.
Line 129: The property name Tab(1).Control(9) in tabMain is invalid.
Line 130: The property name Tab(1).Control(10) in tabMain is invalid.
Line 131: The property name Tab(1).Control(11) in tabMain is invalid.
Line 132: The property name Tab(1).ControlCount in tabMain is invalid.
Line 133: The property name TabCaption(2) in tabMain is invalid.
Line 134: The property name TabPicture(2) in tabMain is invalid.
Line 135: The property name Tab(2).ControlEnabled in tabMain is invalid.
Line 136: The property name Tab(2).Control(0) in tabMain is invalid.
Line 137: The property name Tab(2).Control(1) in tabMain is invalid.
Line 138: The property name Tab(2).Control(2) in tabMain is invalid.
Line 139: The property name Tab(2).Control(3) in tabMain is invalid.
Line 140: The property name Tab(2).Control(4) in tabMain is invalid.
Line 141: The property name Tab(2).Control(5) in tabMain is invalid.
Line 142: The property name Tab(2).Control(6) in tabMain is invalid.
Line 143: The property name Tab(2).Control(7) in tabMain is invalid.
Line 144: The property name Tab(2).Control(8) in tabMain is invalid.
Line 145: The property name Tab(2).Control(9) in tabMain is invalid.
Line 146: The property name Tab(2).Control(10) in tabMain is invalid.
Line 147: The property name Tab(2).ControlCount in tabMain is invalid.
Line 148: The property name TabCaption(3) in tabMain is invalid.
Line 149: The property name TabPicture(3) in tabMain is invalid.
Line 150: The property name Tab(3).ControlEnabled in tabMain is invalid.
Line 151: The property name Tab(3).Control(0) in tabMain is invalid.
Line 152: The property name Tab(3).Control(1) in tabMain is invalid.
Line 153: The property name Tab(3).Control(2) in tabMain is invalid.
Line 154: The property name Tab(3).ControlCount in tabMain is invalid.
Line 155: The property name TabCaption(4) in tabMain is invalid.
Line 156: The property name TabPicture(4) in tabMain is invalid.
Line 157: The property name Tab(4).ControlEnabled in tabMain is invalid.
Line 158: The property name Tab(4).Control(0) in tabMain is invalid.
Line 159: The property name Tab(4).ControlCount in tabMain is invalid.
Line 160: The property name TabCaption(5) in tabMain is invalid.
Line 161: The property name TabPicture(5) in tabMain is invalid.
Line 162: The property name Tab(5).ControlEnabled in tabMain is invalid.
Line 163: The property name Tab(5).Control(0) in tabMain is invalid.
Line 164: The property name Tab(5).Control(1) in tabMain is invalid.
Line 165: The property name Tab(5).Control(2) in tabMain is invalid.
Line 166: The property name Tab(5).Control(3) in tabMain is invalid.
Line 167: The property name Tab(5).Control(4) in tabMain is invalid.
Line 168: The property name Tab(5).Control(5) in tabMain is invalid.
Line 169: The property name Tab(5).ControlCount in tabMain is invalid.
Line 170: The property name TabCaption(6) in tabMain is invalid.
Line 171: The property name TabPicture(6) in tabMain is invalid.
Line 172: The property name Tab(6).ControlEnabled in tabMain is invalid.
Line 173: The property name Tab(6).Control(0) in tabMain is invalid.
Line 174: The property name Tab(6).ControlCount in tabMain is invalid.
Line 175: The property name TabCaption(7) in tabMain is invalid.
Line 176: The property name TabPicture(7) in tabMain is invalid.
Line 177: The property name Tab(7).ControlEnabled in tabMain is invalid.
Line 178: The property name Tab(7).Control(0) in tabMain is invalid.
Line 179: The property name Tab(7).Control(1) in tabMain is invalid.
Line 180: The property name Tab(7).Control(2) in tabMain is invalid.
Line 181: The property name Tab(7).Control(3) in tabMain is invalid.
Line 182: The property name Tab(7).Control(4) in tabMain is invalid.
Line 183: The property name Tab(7).Control(5) in tabMain is invalid.
Line 184: The property name Tab(7).Control(6) in tabMain is invalid.
Line 185: The property name Tab(7).Control(7) in tabMain is invalid.
Line 186: The property name Tab(7).Control(8) in tabMain is invalid.
Line 187: The property name Tab(7).Control(9) in tabMain is invalid.
Line 188: The property name Tab(7).Control(10) in tabMain is invalid.
Line 189: The property name Tab(7).Control(11) in tabMain is invalid.
Line 190: The property name Tab(7).ControlCount in tabMain is invalid.
Line 191: The property name TabCaption(8) in tabMain is invalid.
Line 192: The property name TabPicture(8) in tabMain is invalid.
Line 193: The property name Tab(8).ControlEnabled in tabMain is invalid.
Line 194: The property name Tab(8).Control(0) in tabMain is invalid.
Line 195: The property name Tab(8).Control(1) in tabMain is invalid.
Line 196: The property name Tab(8).Control(2) in tabMain is invalid.
Line 197: The property name Tab(8).Control(3) in tabMain is invalid.
Line 198: The property name Tab(8).Control(4) in tabMain is invalid.
Line 199: The property name Tab(8).Control(5) in tabMain is invalid.
Line 200: The property name Tab(8).ControlCount in tabMain is invalid.
Line 201: The property name TabCaption(9) in tabMain is invalid.
Line 202: The property name TabPicture(9) in tabMain is invalid.
Line 203: The property name Tab(9).ControlEnabled in tabMain is invalid.
Line 204: The property name Tab(9).Control(0) in tabMain is invalid.
Line 205: The property name Tab(9).Control(1) in tabMain is invalid.
Line 206: The property name Tab(9).Control(2) in tabMain is invalid.
Line 207: The property name Tab(9).Control(3) in tabMain is invalid.
Line 208: The property name Tab(9).Control(4) in tabMain is invalid.
Line 209: The property name Tab(9).Control(5) in tabMain is invalid.
Line 210: The property name Tab(9).Control(6) in tabMain is invalid.
Line 211: The property name Tab(9).Control(7) in tabMain is invalid.
Line 212: The property name Tab(9).ControlCount in tabMain is invalid.
Line 213: The property name TabCaption(10) in tabMain is invalid.
Line 214: The property name TabPicture(10) in tabMain is invalid.
Line 215: The property name Tab(10).ControlEnabled in tabMain is invalid.
Line 216: The property name Tab(10).Control(0) in tabMain is invalid.
Line 217: The property name Tab(10).Control(1) in tabMain is invalid.
Line 218: The property name Tab(10).Control(2) in tabMain is invalid.
Line 219: The property name Tab(10).Control(3) in tabMain is invalid.
Line 220: The property name Tab(10).Control(4) in tabMain is invalid.
Line 221: The property name Tab(10).Control(5) in tabMain is invalid.
Line 222: The property name Tab(10).Control(6) in tabMain is invalid.
Line 223: The property name Tab(10).ControlCount in tabMain is invalid.
Line 746: The property name _ExtentX in lvwNonCompliant is invalid.
Line 747: The property name _ExtentY in lvwNonCompliant is invalid.
Line 748: The property name View in lvwNonCompliant is invalid.
Line 749: The property name LabelEdit in lvwNonCompliant is invalid.
Line 750: The property name Sorted in lvwNonCompliant is invalid.
Line 751: The property name MultiSelect in lvwNonCompliant is invalid.
Line 752: The property name LabelWrap in lvwNonCompliant is invalid.
Line 753: The property name HideSelection in lvwNonCompliant is invalid.
Line 754: The property name _Version in lvwNonCompliant is invalid.
Line 758: The property name NumItems in lvwNonCompliant is invalid.
Line 764: The property name ColumnHeader(1) in lvwNonCompliant is invalid.
Line 771: The property name ColumnHeader(2) in lvwNonCompliant is invalid.
Line 778: The property name ColumnHeader(3) in lvwNonCompliant is invalid.
Line 785: The property name ColumnHeader(4) in lvwNonCompliant is invalid.
Line 792: The property name ColumnHeader(5) in lvwNonCompliant is invalid.
Line 799: The property name ColumnHeader(6) in lvwNonCompliant is invalid.
Line 806: The property name ColumnHeader(7) in lvwNonCompliant is invalid.
Line 1009: The property name _ExtentX in dtpPromoEnd is invalid.
Line 1010: The property name _ExtentY in dtpPromoEnd is invalid.
Line 1011: The property name _Version in dtpPromoEnd is invalid.
Line 1012: The property name CustomFormat in dtpPromoEnd is invalid.
Line 1013: The property name Format in dtpPromoEnd is invalid.
Line 1014: The property name CurrentDate in dtpPromoEnd is invalid.
Line 1022: The property name _ExtentX in dtpPromoStart is invalid.
Line 1023: The property name _ExtentY in dtpPromoStart is invalid.
Line 1024: The property name _Version in dtpPromoStart is invalid.
Line 1025: The property name CustomFormat in dtpPromoStart is invalid.
Line 1026: The property name Format in dtpPromoStart is invalid.
Line 1027: The property name CurrentDate in dtpPromoStart is invalid.
Line 1035: The property name _cx in grdPromoTabRebates is invalid.
Line 1036: The property name _cy in grdPromoTabRebates is invalid.
Line 1052: The property name BackColorFixed in grdPromoTabRebates is invalid.
Line 1053: The property name ForeColorFixed in grdPromoTabRebates is invalid.
Line 1054: The property name BackColorSel in grdPromoTabRebates is invalid.
Line 1055: The property name ForeColorSel in grdPromoTabRebates is invalid.
Line 1056: The property name BackColorBkg in grdPromoTabRebates is invalid.
Line 1057: The property name BackColorAlternate in grdPromoTabRebates is invalid.
Line 1058: The property name GridColor in grdPromoTabRebates is invalid.
Line 1059: The property name GridColorFixed in grdPromoTabRebates is invalid.
Line 1060: The property name TreeColor in grdPromoTabRebates is invalid.
Line 1061: The property name FloodColor in grdPromoTabRebates is invalid.
Line 1062: The property name SheetBorder in grdPromoTabRebates is invalid.
Line 1063: The property name FocusRect in grdPromoTabRebates is invalid.
Line 1064: The property name HighLight in grdPromoTabRebates is invalid.
Line 1065: The property name AllowSelection in grdPromoTabRebates is invalid.
Line 1066: The property name AllowBigSelection in grdPromoTabRebates is invalid.
Line 1067: The property name AllowUserResizing in grdPromoTabRebates is invalid.
Line 1068: The property name SelectionMode in grdPromoTabRebates is invalid.
Line 1069: The property name GridLines in grdPromoTabRebates is invalid.
Line 1070: The property name GridLinesFixed in grdPromoTabRebates is invalid.
Line 1071: The property name GridLineWidth in grdPromoTabRebates is invalid.
Line 1072: The property name Rows in grdPromoTabRebates is invalid.
Line 1073: The property name Cols in grdPromoTabRebates is invalid.
Line 1074: The property name FixedRows in grdPromoTabRebates is invalid.
Line 1075: The property name FixedCols in grdPromoTabRebates is invalid.
Line 1076: The property name RowHeightMin in grdPromoTabRebates is invalid.
Line 1077: The property name RowHeightMax in grdPromoTabRebates is invalid.
Line 1078: The property name ColWidthMin in grdPromoTabRebates is invalid.
Line 1079: The property name ColWidthMax in grdPromoTabRebates is invalid.
Line 1080: The property name ExtendLastCol in grdPromoTabRebates is invalid.
Line 1081: The property name FormatString in grdPromoTabRebates is invalid.
Line 1082: The property name ScrollTrack in grdPromoTabRebates is invalid.
Line 1083: The property name ScrollBars in grdPromoTabRebates is invalid.
Line 1084: The property name ScrollTips in grdPromoTabRebates is invalid.
Line 1085: The property name MergeCells in grdPromoTabRebates is invalid.
Line 1086: The property name MergeCompare in grdPromoTabRebates is invalid.
Line 1087: The property name AutoResize in grdPromoTabRebates is invalid.
Line 1088: The property name AutoSizeMode in grdPromoTabRebates is invalid.
Line 1089: The property name AutoSearch in grdPromoTabRebates is invalid.
Line 1090: The property name AutoSearchDelay in grdPromoTabRebates is invalid.
Line 1091: The property name MultiTotals in grdPromoTabRebates is invalid.
Line 1092: The property name SubtotalPosition in grdPromoTabRebates is invalid.
Line 1093: The property name OutlineBar in grdPromoTabRebates is invalid.
Line 1094: The property name OutlineCol in grdPromoTabRebates is invalid.
Line 1095: The property name Ellipsis in grdPromoTabRebates is invalid.
Line 1096: The property name ExplorerBar in grdPromoTabRebates is invalid.
Line 1097: The property name PicturesOver in grdPromoTabRebates is invalid.
Line 1100: The property name PictureType in grdPromoTabRebates is invalid.
Line 1101: The property name TabBehavior in grdPromoTabRebates is invalid.
Line 1102: The property name OwnerDraw in grdPromoTabRebates is invalid.
Line 1103: The property name Editable in grdPromoTabRebates is invalid.
Line 1104: The property name ShowComboButton in grdPromoTabRebates is invalid.
Line 1105: The property name WordWrap in grdPromoTabRebates is invalid.
Line 1106: The property name TextStyle in grdPromoTabRebates is invalid.
Line 1107: The property name TextStyleFixed in grdPromoTabRebates is invalid.
Line 1110: The property name DataMode in grdPromoTabRebates is invalid.
Line 1111: The property name VirtualData in grdPromoTabRebates is invalid.
Line 1113: The property name ComboSearch in grdPromoTabRebates is invalid.
Line 1114: The property name AutoSizeMouse in grdPromoTabRebates is invalid.
Line 1115: The property name FrozenRows in grdPromoTabRebates is invalid.
Line 1116: The property name FrozenCols in grdPromoTabRebates is invalid.
Line 1117: The property name AllowUserFreezing in grdPromoTabRebates is invalid.
Line 1118: The property name BackColorFrozen in grdPromoTabRebates is invalid.
Line 1119: The property name ForeColorFrozen in grdPromoTabRebates is invalid.
Line 1120: The property name WallPaperAlignment in grdPromoTabRebates is invalid.
Line 1121: The property name AccessibleName in grdPromoTabRebates is invalid.
Line 1122: The property name AccessibleDescription in grdPromoTabRebates is invalid.
Line 1123: The property name AccessibleValue in grdPromoTabRebates is invalid.
Line 1124: The property name AccessibleRole in grdPromoTabRebates is invalid.
Line 1235: The property name _cx in grdAztecUploads is invalid.
Line 1236: The property name _cy in grdAztecUploads is invalid.
Line 1252: The property name BackColorFixed in grdAztecUploads is invalid.
Line 1253: The property name ForeColorFixed in grdAztecUploads is invalid.
Line 1254: The property name BackColorSel in grdAztecUploads is invalid.
Line 1255: The property name ForeColorSel in grdAztecUploads is invalid.
Line 1256: The property name BackColorBkg in grdAztecUploads is invalid.
Line 1257: The property name BackColorAlternate in grdAztecUploads is invalid.
Line 1258: The property name GridColor in grdAztecUploads is invalid.
Line 1259: The property name GridColorFixed in grdAztecUploads is invalid.
Line 1260: The property name TreeColor in grdAztecUploads is invalid.
Line 1261: The property name FloodColor in grdAztecUploads is invalid.
Line 1262: The property name SheetBorder in grdAztecUploads is invalid.
Line 1263: The property name FocusRect in grdAztecUploads is invalid.
Line 1264: The property name HighLight in grdAztecUploads is invalid.
Line 1265: The property name AllowSelection in grdAztecUploads is invalid.
Line 1266: The property name AllowBigSelection in grdAztecUploads is invalid.
Line 1267: The property name AllowUserResizing in grdAztecUploads is invalid.
Line 1268: The property name SelectionMode in grdAztecUploads is invalid.
Line 1269: The property name GridLines in grdAztecUploads is invalid.
Line 1270: The property name GridLinesFixed in grdAztecUploads is invalid.
Line 1271: The property name GridLineWidth in grdAztecUploads is invalid.
Line 1272: The property name Rows in grdAztecUploads is invalid.
Line 1273: The property name Cols in grdAztecUploads is invalid.
Line 1274: The property name FixedRows in grdAztecUploads is invalid.
Line 1275: The property name FixedCols in grdAztecUploads is invalid.
Line 1276: The property name RowHeightMin in grdAztecUploads is invalid.
Line 1277: The property name RowHeightMax in grdAztecUploads is invalid.
Line 1278: The property name ColWidthMin in grdAztecUploads is invalid.
Line 1279: The property name ColWidthMax in grdAztecUploads is invalid.
Line 1280: The property name ExtendLastCol in grdAztecUploads is invalid.
Line 1281: The property name FormatString in grdAztecUploads is invalid.
Line 1282: The property name ScrollTrack in grdAztecUploads is invalid.
Line 1283: The property name ScrollBars in grdAztecUploads is invalid.
Line 1284: The property name ScrollTips in grdAztecUploads is invalid.
Line 1285: The property name MergeCells in grdAztecUploads is invalid.
Line 1286: The property name MergeCompare in grdAztecUploads is invalid.
Line 1287: The property name AutoResize in grdAztecUploads is invalid.
Line 1288: The property name AutoSizeMode in grdAztecUploads is invalid.
Line 1289: The property name AutoSearch in grdAztecUploads is invalid.
Line 1290: The property name AutoSearchDelay in grdAztecUploads is invalid.
Line 1291: The property name MultiTotals in grdAztecUploads is invalid.
Line 1292: The property name SubtotalPosition in grdAztecUploads is invalid.
Line 1293: The property name OutlineBar in grdAztecUploads is invalid.
Line 1294: The property name OutlineCol in grdAztecUploads is invalid.
Line 1295: The property name Ellipsis in grdAztecUploads is invalid.
Line 1296: The property name ExplorerBar in grdAztecUploads is invalid.
Line 1297: The property name PicturesOver in grdAztecUploads is invalid.
Line 1300: The property name PictureType in grdAztecUploads is invalid.
Line 1301: The property name TabBehavior in grdAztecUploads is invalid.
Line 1302: The property name OwnerDraw in grdAztecUploads is invalid.
Line 1303: The property name Editable in grdAztecUploads is invalid.
Line 1304: The property name ShowComboButton in grdAztecUploads is invalid.
Line 1305: The property name WordWrap in grdAztecUploads is invalid.
Line 1306: The property name TextStyle in grdAztecUploads is invalid.
Line 1307: The property name TextStyleFixed in grdAztecUploads is invalid.
Line 1310: The property name DataMode in grdAztecUploads is invalid.
Line 1311: The property name VirtualData in grdAztecUploads is invalid.
Line 1313: The property name ComboSearch in grdAztecUploads is invalid.
Line 1314: The property name AutoSizeMouse in grdAztecUploads is invalid.
Line 1315: The property name FrozenRows in grdAztecUploads is invalid.
Line 1316: The property name FrozenCols in grdAztecUploads is invalid.
Line 1317: The property name AllowUserFreezing in grdAztecUploads is invalid.
Line 1318: The property name BackColorFrozen in grdAztecUploads is invalid.
Line 1319: The property name ForeColorFrozen in grdAztecUploads is invalid.
Line 1320: The property name WallPaperAlignment in grdAztecUploads is invalid.
Line 1321: The property name AccessibleName in grdAztecUploads is invalid.
Line 1322: The property name AccessibleDescription in grdAztecUploads is invalid.
Line 1323: The property name AccessibleValue in grdAztecUploads is invalid.
Line 1324: The property name AccessibleRole in grdAztecUploads is invalid.
Line 1409: The property name _ExtentX in lvwVersions is invalid.
Line 1410: The property name _ExtentY in lvwVersions is invalid.
Line 1411: The property name View in lvwVersions is invalid.
Line 1412: The property name LabelWrap in lvwVersions is invalid.
Line 1413: The property name HideSelection in lvwVersions is invalid.
Line 1414: The property name _Version in lvwVersions is invalid.
Line 1418: The property name NumItems in lvwVersions is invalid.
Line 1424: The property name ColumnHeader(1) in lvwVersions is invalid.
Line 1431: The property name ColumnHeader(2) in lvwVersions is invalid.
Line 1438: The property name ColumnHeader(3) in lvwVersions is invalid.
Line 1445: The property name ColumnHeader(4) in lvwVersions is invalid.
Line 1452: The property name ColumnHeader(5) in lvwVersions is invalid.
Line 1459: The property name ColumnHeader(6) in lvwVersions is invalid.
Line 1466: The property name ColumnHeader(7) in lvwVersions is invalid.
Line 1474: The property name _ExtentX in lvwUploadsPending is invalid.
Line 1475: The property name _ExtentY in lvwUploadsPending is invalid.
Line 1476: The property name View in lvwUploadsPending is invalid.
Line 1477: The property name Sorted in lvwUploadsPending is invalid.
Line 1478: The property name LabelWrap in lvwUploadsPending is invalid.
Line 1479: The property name HideSelection in lvwUploadsPending is invalid.
Line 1480: The property name _Version in lvwUploadsPending is invalid.
Line 1485: The property name NumItems in lvwUploadsPending is invalid.
Line 1491: The property name ColumnHeader(1) in lvwUploadsPending is invalid.
Line 1498: The property name ColumnHeader(2) in lvwUploadsPending is invalid.
Line 2025: The property name _Version in spnProductReportFinishDate is invalid.
Line 2026: The property name _ExtentX in spnProductReportFinishDate is invalid.
Line 2027: The property name _ExtentY in spnProductReportFinishDate is invalid.
Line 2028: The property name _StockProps in spnProductReportFinishDate is invalid.
Line 2031: The property name Delay in spnProductReportFinishDate is invalid.
Line 2032: The property name ShadowThickness in spnProductReportFinishDate is invalid.
Line 2033: The property name SpinOrientation in spnProductReportFinishDate is invalid.
Line 2034: The property name TdThickness in spnProductReportFinishDate is invalid.
Line 2042: The property name _Version in spnProductReportStartDate is invalid.
Line 2043: The property name _ExtentX in spnProductReportStartDate is invalid.
Line 2044: The property name _ExtentY in spnProductReportStartDate is invalid.
Line 2045: The property name _StockProps in spnProductReportStartDate is invalid.
Line 2048: The property name Delay in spnProductReportStartDate is invalid.
Line 2049: The property name ShadowThickness in spnProductReportStartDate is invalid.
Line 2050: The property name SpinOrientation in spnProductReportStartDate is invalid.
Line 2051: The property name TdThickness in spnProductReportStartDate is invalid.
Line 2097: The property name _Version in spnStickReportStartDate is invalid.
Line 2098: The property name _ExtentX in spnStickReportStartDate is invalid.
Line 2099: The property name _ExtentY in spnStickReportStartDate is invalid.
Line 2100: The property name _StockProps in spnStickReportStartDate is invalid.
Line 2103: The property name Delay in spnStickReportStartDate is invalid.
Line 2104: The property name ShadowThickness in spnStickReportStartDate is invalid.
Line 2105: The property name SpinOrientation in spnStickReportStartDate is invalid.
Line 2106: The property name TdThickness in spnStickReportStartDate is invalid.
Line 2114: The property name _Version in spnStickReportFinishDate is invalid.
Line 2115: The property name _ExtentX in spnStickReportFinishDate is invalid.
Line 2116: The property name _ExtentY in spnStickReportFinishDate is invalid.
Line 2117: The property name _StockProps in spnStickReportFinishDate is invalid.
Line 2120: The property name Delay in spnStickReportFinishDate is invalid.
Line 2121: The property name ShadowThickness in spnStickReportFinishDate is invalid.
Line 2122: The property name SpinOrientation in spnStickReportFinishDate is invalid.
Line 2123: The property name TdThickness in spnStickReportFinishDate is invalid.
Line 2816: The property name _ExtentX in updNielsenRptTxDate is invalid.
Line 2817: The property name _ExtentY in updNielsenRptTxDate is invalid.
Line 2818: The property name _Version in updNielsenRptTxDate is invalid.
Line 2819: The property name OrigLeft in updNielsenRptTxDate is invalid.
Line 2820: The property name OrigTop in updNielsenRptTxDate is invalid.
Line 2821: The property name OrigRight in updNielsenRptTxDate is invalid.
Line 2822: The property name OrigBottom in updNielsenRptTxDate is invalid.
Line 2831: The property name _ExtentX in dtpNielsenRptTxDate is invalid.
Line 2832: The property name _ExtentY in dtpNielsenRptTxDate is invalid.
Line 2833: The property name _Version in dtpNielsenRptTxDate is invalid.
Line 2834: The property name CustomFormat in dtpNielsenRptTxDate is invalid.
Line 2835: The property name Format in dtpNielsenRptTxDate is invalid.
Line 2836: The property name CurrentDate in dtpNielsenRptTxDate is invalid.
Line 3010: The property name _Version in spnTopSellers is invalid.
Line 3011: The property name _ExtentX in spnTopSellers is invalid.
Line 3012: The property name _ExtentY in spnTopSellers is invalid.
Line 3013: The property name _StockProps in spnTopSellers is invalid.
Line 3016: The property name ShadowThickness in spnTopSellers is invalid.
Line 3017: The property name TdThickness in spnTopSellers is invalid.
Line 3229: The property name _Version in spnPRProductReportFinishDate is invalid.
Line 3230: The property name _ExtentX in spnPRProductReportFinishDate is invalid.
Line 3231: The property name _ExtentY in spnPRProductReportFinishDate is invalid.
Line 3232: The property name _StockProps in spnPRProductReportFinishDate is invalid.
Line 3235: The property name Delay in spnPRProductReportFinishDate is invalid.
Line 3236: The property name ShadowThickness in spnPRProductReportFinishDate is invalid.
Line 3237: The property name SpinOrientation in spnPRProductReportFinishDate is invalid.
Line 3238: The property name TdThickness in spnPRProductReportFinishDate is invalid.
Line 3246: The property name _Version in spnPRProductReportStartDate is invalid.
Line 3247: The property name _ExtentX in spnPRProductReportStartDate is invalid.
Line 3248: The property name _ExtentY in spnPRProductReportStartDate is invalid.
Line 3249: The property name _StockProps in spnPRProductReportStartDate is invalid.
Line 3252: The property name Delay in spnPRProductReportStartDate is invalid.
Line 3253: The property name ShadowThickness in spnPRProductReportStartDate is invalid.
Line 3254: The property name SpinOrientation in spnPRProductReportStartDate is invalid.
Line 3255: The property name TdThickness in spnPRProductReportStartDate is invalid.
Line 3841: The property name _cx in grdBataRpts is invalid.
Line 3842: The property name _cy in grdBataRpts is invalid.
Line 3858: The property name BackColorFixed in grdBataRpts is invalid.
Line 3859: The property name ForeColorFixed in grdBataRpts is invalid.
Line 3860: The property name BackColorSel in grdBataRpts is invalid.
Line 3861: The property name ForeColorSel in grdBataRpts is invalid.
Line 3862: The property name BackColorBkg in grdBataRpts is invalid.
Line 3863: The property name BackColorAlternate in grdBataRpts is invalid.
Line 3864: The property name GridColor in grdBataRpts is invalid.
Line 3865: The property name GridColorFixed in grdBataRpts is invalid.
Line 3866: The property name TreeColor in grdBataRpts is invalid.
Line 3867: The property name FloodColor in grdBataRpts is invalid.
Line 3868: The property name SheetBorder in grdBataRpts is invalid.
Line 3869: The property name FocusRect in grdBataRpts is invalid.
Line 3870: The property name HighLight in grdBataRpts is invalid.
Line 3871: The property name AllowSelection in grdBataRpts is invalid.
Line 3872: The property name AllowBigSelection in grdBataRpts is invalid.
Line 3873: The property name AllowUserResizing in grdBataRpts is invalid.
Line 3874: The property name SelectionMode in grdBataRpts is invalid.
Line 3875: The property name GridLines in grdBataRpts is invalid.
Line 3876: The property name GridLinesFixed in grdBataRpts is invalid.
Line 3877: The property name GridLineWidth in grdBataRpts is invalid.
Line 3878: The property name Rows in grdBataRpts is invalid.
Line 3879: The property name Cols in grdBataRpts is invalid.
Line 3880: The property name FixedRows in grdBataRpts is invalid.
Line 3881: The property name FixedCols in grdBataRpts is invalid.
Line 3882: The property name RowHeightMin in grdBataRpts is invalid.
Line 3883: The property name RowHeightMax in grdBataRpts is invalid.
Line 3884: The property name ColWidthMin in grdBataRpts is invalid.
Line 3885: The property name ColWidthMax in grdBataRpts is invalid.
Line 3886: The property name ExtendLastCol in grdBataRpts is invalid.
Line 3887: The property name FormatString in grdBataRpts is invalid.
Line 3888: The property name ScrollTrack in grdBataRpts is invalid.
Line 3889: The property name ScrollBars in grdBataRpts is invalid.
Line 3890: The property name ScrollTips in grdBataRpts is invalid.
Line 3891: The property name MergeCells in grdBataRpts is invalid.
Line 3892: The property name MergeCompare in grdBataRpts is invalid.
Line 3893: The property name AutoResize in grdBataRpts is invalid.
Line 3894: The property name AutoSizeMode in grdBataRpts is invalid.
Line 3895: The property name AutoSearch in grdBataRpts is invalid.
Line 3896: The property name AutoSearchDelay in grdBataRpts is invalid.
Line 3897: The property name MultiTotals in grdBataRpts is invalid.
Line 3898: The property name SubtotalPosition in grdBataRpts is invalid.
Line 3899: The property name OutlineBar in grdBataRpts is invalid.
Line 3900: The property name OutlineCol in grdBataRpts is invalid.
Line 3901: The property name Ellipsis in grdBataRpts is invalid.
Line 3902: The property name ExplorerBar in grdBataRpts is invalid.
Line 3903: The property name PicturesOver in grdBataRpts is invalid.
Line 3906: The property name PictureType in grdBataRpts is invalid.
Line 3907: The property name TabBehavior in grdBataRpts is invalid.
Line 3908: The property name OwnerDraw in grdBataRpts is invalid.
Line 3909: The property name Editable in grdBataRpts is invalid.
Line 3910: The property name ShowComboButton in grdBataRpts is invalid.
Line 3911: The property name WordWrap in grdBataRpts is invalid.
Line 3912: The property name TextStyle in grdBataRpts is invalid.
Line 3913: The property name TextStyleFixed in grdBataRpts is invalid.
Line 3916: The property name DataMode in grdBataRpts is invalid.
Line 3917: The property name VirtualData in grdBataRpts is invalid.
Line 3919: The property name ComboSearch in grdBataRpts is invalid.
Line 3920: The property name AutoSizeMouse in grdBataRpts is invalid.
Line 3921: The property name FrozenRows in grdBataRpts is invalid.
Line 3922: The property name FrozenCols in grdBataRpts is invalid.
Line 3923: The property name AllowUserFreezing in grdBataRpts is invalid.
Line 3924: The property name BackColorFrozen in grdBataRpts is invalid.
Line 3925: The property name ForeColorFrozen in grdBataRpts is invalid.
Line 3926: The property name WallPaperAlignment in grdBataRpts is invalid.
Line 3927: The property name AccessibleName in grdBataRpts is invalid.
Line 3928: The property name AccessibleDescription in grdBataRpts is invalid.
Line 3929: The property name AccessibleValue in grdBataRpts is invalid.
Line 3930: The property name AccessibleRole in grdBataRpts is invalid.
Line 3938: The property name _ExtentX in dtpBataTabTxDate is invalid.
Line 3939: The property name _ExtentY in dtpBataTabTxDate is invalid.
Line 3940: The property name _Version in dtpBataTabTxDate is invalid.
Line 3941: The property name CustomFormat in dtpBataTabTxDate is invalid.
Line 3942: The property name Format in dtpBataTabTxDate is invalid.
Line 3943: The property name CurrentDate in dtpBataTabTxDate is invalid.
Line 3970: The property name _ExtentX in lvwPromo is invalid.
Line 3971: The property name _ExtentY in lvwPromo is invalid.
Line 3972: The property name View in lvwPromo is invalid.
Line 3973: The property name MultiSelect in lvwPromo is invalid.
Line 3974: The property name LabelWrap in lvwPromo is invalid.
Line 3975: The property name HideSelection in lvwPromo is invalid.
Line 3976: The property name _Version in lvwPromo is invalid.
Line 3980: The property name NumItems in lvwPromo is invalid.
Line 3986: The property name ColumnHeader(1) in lvwPromo is invalid.
Line 3993: The property name ColumnHeader(2) in lvwPromo is invalid.
Line 4000: The property name ColumnHeader(3) in lvwPromo is invalid.
Line 4007: The property name ColumnHeader(4) in lvwPromo is invalid.
Line 4014: The property name ColumnHeader(5) in lvwPromo is invalid.
Line 4021: The property name ColumnHeader(6) in lvwPromo is invalid.
Line 4028: The property name ColumnHeader(7) in lvwPromo is invalid.
Line 4035: The property name ColumnHeader(8) in lvwPromo is invalid.
Line 4042: The property name ColumnHeader(9) in lvwPromo is invalid.
Line 4049: The property name ColumnHeader(10) in lvwPromo is invalid.
Line 4056: The property name ColumnHeader(11) in lvwPromo is invalid.
Line 4065: The property name _ExtentX in lvwProductReport is invalid.
Line 4066: The property name _ExtentY in lvwProductReport is invalid.
Line 4067: The property name View in lvwProductReport is invalid.
Line 4068: The property name LabelWrap in lvwProductReport is invalid.
Line 4069: The property name HideSelection in lvwProductReport is invalid.
Line 4070: The property name _Version in lvwProductReport is invalid.
Line 4075: The property name NumItems in lvwProductReport is invalid.
Line 4081: The property name ColumnHeader(1) in lvwProductReport is invalid.
Line 4088: The property name ColumnHeader(2) in lvwProductReport is invalid.
Line 4095: The property name ColumnHeader(3) in lvwProductReport is invalid.
Line 4102: The property name ColumnHeader(4) in lvwProductReport is invalid.
Line 4109: The property name ColumnHeader(5) in lvwProductReport is invalid.
Line 4116: The property name ColumnHeader(6) in lvwProductReport is invalid.
Line 4123: The property name ColumnHeader(7) in lvwProductReport is invalid.
Line 4130: The property name ColumnHeader(8) in lvwProductReport is invalid.
Line 4137: The property name ColumnHeader(9) in lvwProductReport is invalid.
Line 4144: The property name ColumnHeader(10) in lvwProductReport is invalid.
Line 4152: The property name _ExtentX in rtxNielsenReportContents is invalid.
Line 4153: The property name _ExtentY in rtxNielsenReportContents is invalid.
Line 4154: The property name _Version in rtxNielsenReportContents is invalid.
Line 4156: The property name ScrollBars in rtxNielsenReportContents is invalid.
Line 4157: The property name RightMargin in rtxNielsenReportContents is invalid.
Line 4158: The property name TextRTF in rtxNielsenReportContents is invalid.
Line 4177: The property name _ExtentX in lvwStickReport is invalid.
Line 4178: The property name _ExtentY in lvwStickReport is invalid.
Line 4179: The property name View in lvwStickReport is invalid.
Line 4180: The property name LabelWrap in lvwStickReport is invalid.
Line 4181: The property name HideSelection in lvwStickReport is invalid.
Line 4182: The property name _Version in lvwStickReport is invalid.
Line 4186: The property name NumItems in lvwStickReport is invalid.
Line 4192: The property name ColumnHeader(1) in lvwStickReport is invalid.
Line 4199: The property name ColumnHeader(2) in lvwStickReport is invalid.
Line 4207: The property name ColumnHeader(3) in lvwStickReport is invalid.
Line 4215: The property name ColumnHeader(4) in lvwStickReport is invalid.
Line 4223: The property name _ExtentX in lvwPRProductReport is invalid.
Line 4224: The property name _ExtentY in lvwPRProductReport is invalid.
Line 4225: The property name View in lvwPRProductReport is invalid.
Line 4226: The property name LabelWrap in lvwPRProductReport is invalid.
Line 4227: The property name HideSelection in lvwPRProductReport is invalid.
Line 4228: The property name _Version in lvwPRProductReport is invalid.
Line 4233: The property name NumItems in lvwPRProductReport is invalid.
Line 4239: The property name ColumnHeader(1) in lvwPRProductReport is invalid.
Line 4246: The property name ColumnHeader(2) in lvwPRProductReport is invalid.
Line 4253: The property name ColumnHeader(3) in lvwPRProductReport is invalid.
Line 4260: The property name ColumnHeader(4) in lvwPRProductReport is invalid.
Line 4267: The property name ColumnHeader(5) in lvwPRProductReport is invalid.
Line 4274: The property name ColumnHeader(6) in lvwPRProductReport is invalid.
Line 4282: The property name _ExtentX in lvwEventLog is invalid.
Line 4283: The property name _ExtentY in lvwEventLog is invalid.
Line 4284: The property name View in lvwEventLog is invalid.
Line 4285: The property name LabelWrap in lvwEventLog is invalid.
Line 4286: The property name HideSelection in lvwEventLog is invalid.
Line 4287: The property name _Version in lvwEventLog is invalid.
Line 4300: The property name NumItems in lvwEventLog is invalid.
Line 4306: The property name ColumnHeader(1) in lvwEventLog is invalid.
Line 4313: The property name ColumnHeader(2) in lvwEventLog is invalid.
Line 4320: The property name ColumnHeader(3) in lvwEventLog is invalid.
Line 51: The property name _ExtentX in stb is invalid.
Line 52: The property name _ExtentY in stb is invalid.
Line 53: The property name Style in stb is invalid.
Line 54: The property name SimpleText in stb is invalid.
Line 55: The property name _Version in stb is invalid.
Line 62: The property name Panels in stb is invalid.
Line 70: The property name _ExtentX in tabMain is invalid.
Line 71: The property name _ExtentY in tabMain is invalid.
Line 72: The property name _Version in tabMain is invalid.
Line 73: The property name Tabs in tabMain is invalid.
Line 74: The property name TabsPerRow in tabMain is invalid.
Line 75: The property name TabHeight in tabMain is invalid.
Line 85: The property name TabCaption(0) in tabMain is invalid.
Line 86: The property name TabPicture(0) in tabMain is invalid.
Line 87: The property name Tab(0).ControlEnabled in tabMain is invalid.
Line 88: The property name Tab(0).Control(0) in tabMain is invalid.
Line 89: The property name Tab(0).Control(0).Enabled in tabMain is invalid.
Line 90: The property name Tab(0).Control(1) in tabMain is invalid.
Line 91: The property name Tab(0).Control(1).Enabled in tabMain is invalid.
Line 92: The property name Tab(0).Control(2) in tabMain is invalid.
Line 93: The property name Tab(0).Control(2).Enabled in tabMain is invalid.
Line 94: The property name Tab(0).Control(3) in tabMain is invalid.
Line 95: The property name Tab(0).Control(3).Enabled in tabMain is invalid.
Line 96: The property name Tab(0).Control(4) in tabMain is invalid.
Line 97: The property name Tab(0).Control(4).Enabled in tabMain is invalid.
Line 98: The property name Tab(0).Control(5) in tabMain is invalid.
Line 99: The property name Tab(0).Control(5).Enabled in tabMain is invalid.
Line 100: The property name Tab(0).Control(6) in tabMain is invalid.
Line 101: The property name Tab(0).Control(6).Enabled in tabMain is invalid.
Line 102: The property name Tab(0).Control(7) in tabMain is invalid.
Line 103: The property name Tab(0).Control(7).Enabled in tabMain is invalid.
Line 104: The property name Tab(0).Control(8) in tabMain is invalid.
Line 105: The property name Tab(0).Control(8).Enabled in tabMain is invalid.
Line 106: The property name Tab(0).Control(9) in tabMain is invalid.
Line 107: The property name Tab(0).Control(9).Enabled in tabMain is invalid.
Line 108: The property name Tab(0).Control(10) in tabMain is invalid.
Line 109: The property name Tab(0).Control(10).Enabled in tabMain is invalid.
Line 110: The property name Tab(0).Control(11) in tabMain is invalid.
Line 111: The property name Tab(0).Control(11).Enabled in tabMain is invalid.
Line 112: The property name Tab(0).Control(12) in tabMain is invalid.
Line 113: The property name Tab(0).Control(12).Enabled in tabMain is invalid.
Line 114: The property name Tab(0).Control(13) in tabMain is invalid.
Line 115: The property name Tab(0).Control(13).Enabled in tabMain is invalid.
Line 116: The property name Tab(0).ControlCount in tabMain is invalid.
Line 117: The property name TabCaption(1) in tabMain is invalid.
Line 118: The property name TabPicture(1) in tabMain is invalid.
Line 119: The property name Tab(1).ControlEnabled in tabMain is invalid.
Line 120: The property name Tab(1).Control(0) in tabMain is invalid.
Line 121: The property name Tab(1).Control(1) in tabMain is invalid.
Line 122: The property name Tab(1).Control(2) in tabMain is invalid.
Line 123: The property name Tab(1).Control(3) in tabMain is invalid.
Line 124: The property name Tab(1).Control(4) in tabMain is invalid.
Line 125: The property name Tab(1).Control(5) in tabMain is invalid.
Line 126: The property name Tab(1).Control(6) in tabMain is invalid.
Line 127: The property name Tab(1).Control(7) in tabMain is invalid.
Line 128: The property name Tab(1).Control(8) in tabMain is invalid.
Line 129: The property name Tab(1).Control(9) in tabMain is invalid.
Line 130: The property name Tab(1).Control(10) in tabMain is invalid.
Line 131: The property name Tab(1).Control(11) in tabMain is invalid.
Line 132: The property name Tab(1).ControlCount in tabMain is invalid.
Line 133: The property name TabCaption(2) in tabMain is invalid.
Line 134: The property name TabPicture(2) in tabMain is invalid.
Line 135: The property name Tab(2).ControlEnabled in tabMain is invalid.
Line 136: The property name Tab(2).Control(0) in tabMain is invalid.
Line 137: The property name Tab(2).Control(1) in tabMain is invalid.
Line 138: The property name Tab(2).Control(2) in tabMain is invalid.
Line 139: The property name Tab(2).Control(3) in tabMain is invalid.
Line 140: The property name Tab(2).Control(4) in tabMain is invalid.
Line 141: The property name Tab(2).Control(5) in tabMain is invalid.
Line 142: The property name Tab(2).Control(6) in tabMain is invalid.
Line 143: The property name Tab(2).Control(7) in tabMain is invalid.
Line 144: The property name Tab(2).Control(8) in tabMain is invalid.
Line 145: The property name Tab(2).Control(9) in tabMain is invalid.
Line 146: The property name Tab(2).Control(10) in tabMain is invalid.
Line 147: The property name Tab(2).ControlCount in tabMain is invalid.
Line 148: The property name TabCaption(3) in tabMain is invalid.
Line 149: The property name TabPicture(3) in tabMain is invalid.
Line 150: The property name Tab(3).ControlEnabled in tabMain is invalid.
Line 151: The property name Tab(3).Control(0) in tabMain is invalid.
Line 152: The property name Tab(3).Control(1) in tabMain is invalid.
Line 153: The property name Tab(3).Control(2) in tabMain is invalid.
Line 154: The property name Tab(3).ControlCount in tabMain is invalid.
Line 155: The property name TabCaption(4) in tabMain is invalid.
Line 156: The property name TabPicture(4) in tabMain is invalid.
Line 157: The property name Tab(4).ControlEnabled in tabMain is invalid.
Line 158: The property name Tab(4).Control(0) in tabMain is invalid.
Line 159: The property name Tab(4).ControlCount in tabMain is invalid.
Line 160: The property name TabCaption(5) in tabMain is invalid.
Line 161: The property name TabPicture(5) in tabMain is invalid.
Line 162: The property name Tab(5).ControlEnabled in tabMain is invalid.
Line 163: The property name Tab(5).Control(0) in tabMain is invalid.
Line 164: The property name Tab(5).Control(1) in tabMain is invalid.
Line 165: The property name Tab(5).Control(2) in tabMain is invalid.
Line 166: The property name Tab(5).Control(3) in tabMain is invalid.
Line 167: The property name Tab(5).Control(4) in tabMain is invalid.
Line 168: The property name Tab(5).Control(5) in tabMain is invalid.
Line 169: The property name Tab(5).ControlCount in tabMain is invalid.
Line 170: The property name TabCaption(6) in tabMain is invalid.
Line 171: The property name TabPicture(6) in tabMain is invalid.
Line 172: The property name Tab(6).ControlEnabled in tabMain is invalid.
Line 173: The property name Tab(6).Control(0) in tabMain is invalid.
Line 174: The property name Tab(6).ControlCount in tabMain is invalid.
Line 175: The property name TabCaption(7) in tabMain is invalid.
Line 176: The property name TabPicture(7) in tabMain is invalid.
Line 177: The property name Tab(7).ControlEnabled in tabMain is invalid.
Line 178: The property name Tab(7).Control(0) in tabMain is invalid.
Line 179: The property name Tab(7).Control(1) in tabMain is invalid.
Line 180: The property name Tab(7).Control(2) in tabMain is invalid.
Line 181: The property name Tab(7).Control(3) in tabMain is invalid.
Line 182: The property name Tab(7).Control(4) in tabMain is invalid.
Line 183: The property name Tab(7).Control(5) in tabMain is invalid.
Line 184: The property name Tab(7).Control(6) in tabMain is invalid.
Line 185: The property name Tab(7).Control(7) in tabMain is invalid.
Line 186: The property name Tab(7).Control(8) in tabMain is invalid.
Line 187: The property name Tab(7).Control(9) in tabMain is invalid.
Line 188: The property name Tab(7).Control(10) in tabMain is invalid.
Line 189: The property name Tab(7).Control(11) in tabMain is invalid.
Line 190: The property name Tab(7).ControlCount in tabMain is invalid.
Line 191: The property name TabCaption(8) in tabMain is invalid.
Line 192: The property name TabPicture(8) in tabMain is invalid.
Line 193: The property name Tab(8).ControlEnabled in tabMain is invalid.
Line 194: The property name Tab(8).Control(0) in tabMain is invalid.
Line 195: The property name Tab(8).Control(1) in tabMain is invalid.
Line 196: The property name Tab(8).Control(2) in tabMain is invalid.
Line 197: The property name Tab(8).Control(3) in tabMain is invalid.
Line 198: The property name Tab(8).Control(4) in tabMain is invalid.
Line 199: The property name Tab(8).Control(5) in tabMain is invalid.
Line 200: The property name Tab(8).ControlCount in tabMain is invalid.
Line 201: The property name TabCaption(9) in tabMain is invalid.
Line 202: The property name TabPicture(9) in tabMain is invalid.
Line 203: The property name Tab(9).ControlEnabled in tabMain is invalid.
Line 204: The property name Tab(9).Control(0) in tabMain is invalid.
Line 205: The property name Tab(9).Control(1) in tabMain is invalid.
Line 206: The property name Tab(9).Control(2) in tabMain is invalid.
Line 207: The property name Tab(9).Control(3) in tabMain is invalid.
Line 208: The property name Tab(9).Control(4) in tabMain is invalid.
Line 209: The property name Tab(9).Control(5) in tabMain is invalid.
Line 210: The property name Tab(9).Control(6) in tabMain is invalid.
Line 211: The property name Tab(9).Control(7) in tabMain is invalid.
Line 212: The property name Tab(9).ControlCount in tabMain is invalid.
Line 213: The property name TabCaption(10) in tabMain is invalid.
Line 214: The property name TabPicture(10) in tabMain is invalid.
Line 215: The property name Tab(10).ControlEnabled in tabMain is invalid.
Line 216: The property name Tab(10).Control(0) in tabMain is invalid.
Line 217: The property name Tab(10).Control(1) in tabMain is invalid.
Line 218: The property name Tab(10).Control(2) in tabMain is invalid.
Line 219: The property name Tab(10).Control(3) in tabMain is invalid.
Line 220: The property name Tab(10).Control(4) in tabMain is invalid.
Line 221: The property name Tab(10).Control(5) in tabMain is invalid.
Line 222: The property name Tab(10).Control(6) in tabMain is invalid.
Line 223: The property name Tab(10).ControlCount in tabMain is invalid.
Line 746: The property name _ExtentX in lvwNonCompliant is invalid.
Line 747: The property name _ExtentY in lvwNonCompliant is invalid.
Line 748: The property name View in lvwNonCompliant is invalid.
Line 749: The property name LabelEdit in lvwNonCompliant is invalid.
Line 750: The property name Sorted in lvwNonCompliant is invalid.
Line 751: The property name MultiSelect in lvwNonCompliant is invalid.
Line 752: The property name LabelWrap in lvwNonCompliant is invalid.
Line 753: The property name HideSelection in lvwNonCompliant is invalid.
Line 754: The property name _Version in lvwNonCompliant is invalid.
Line 758: The property name NumItems in lvwNonCompliant is invalid.
Line 764: The property name ColumnHeader(1) in lvwNonCompliant is invalid.
Line 771: The property name ColumnHeader(2) in lvwNonCompliant is invalid.
Line 778: The property name ColumnHeader(3) in lvwNonCompliant is invalid.
Line 785: The property name ColumnHeader(4) in lvwNonCompliant is invalid.
Line 792: The property name ColumnHeader(5) in lvwNonCompliant is invalid.
Line 799: The property name ColumnHeader(6) in lvwNonCompliant is invalid.
Line 806: The property name ColumnHeader(7) in lvwNonCompliant is invalid.
Line 1009: The property name _ExtentX in dtpPromoEnd is invalid.
Line 1010: The property name _ExtentY in dtpPromoEnd is invalid.
Line 1011: The property name _Version in dtpPromoEnd is invalid.
Line 1012: The property name CustomFormat in dtpPromoEnd is invalid.
Line 1013: The property name Format in dtpPromoEnd is invalid.
Line 1014: The property name CurrentDate in dtpPromoEnd is invalid.
Line 1022: The property name _ExtentX in dtpPromoStart is invalid.
Line 1023: The property name _ExtentY in dtpPromoStart is invalid.
Line 1024: The property name _Version in dtpPromoStart is invalid.
Line 1025: The property name CustomFormat in dtpPromoStart is invalid.
Line 1026: The property name Format in dtpPromoStart is invalid.
Line 1027: The property name CurrentDate in dtpPromoStart is invalid.
Line 1035: The property name _cx in grdPromoTabRebates is invalid.
Line 1036: The property name _cy in grdPromoTabRebates is invalid.
Line 1052: The property name BackColorFixed in grdPromoTabRebates is invalid.
Line 1053: The property name ForeColorFixed in grdPromoTabRebates is invalid.
Line 1054: The property name BackColorSel in grdPromoTabRebates is invalid.
Line 1055: The property name ForeColorSel in grdPromoTabRebates is invalid.
Line 1056: The property name BackColorBkg in grdPromoTabRebates is invalid.
Line 1057: The property name BackColorAlternate in grdPromoTabRebates is invalid.
Line 1058: The property name GridColor in grdPromoTabRebates is invalid.
Line 1059: The property name GridColorFixed in grdPromoTabRebates is invalid.
Line 1060: The property name TreeColor in grdPromoTabRebates is invalid.
Line 1061: The property name FloodColor in grdPromoTabRebates is invalid.
Line 1062: The property name SheetBorder in grdPromoTabRebates is invalid.
Line 1063: The property name FocusRect in grdPromoTabRebates is invalid.
Line 1064: The property name HighLight in grdPromoTabRebates is invalid.
Line 1065: The property name AllowSelection in grdPromoTabRebates is invalid.
Line 1066: The property name AllowBigSelection in grdPromoTabRebates is invalid.
Line 1067: The property name AllowUserResizing in grdPromoTabRebates is invalid.
Line 1068: The property name SelectionMode in grdPromoTabRebates is invalid.
Line 1069: The property name GridLines in grdPromoTabRebates is invalid.
Line 1070: The property name GridLinesFixed in grdPromoTabRebates is invalid.
Line 1071: The property name GridLineWidth in grdPromoTabRebates is invalid.
Line 1072: The property name Rows in grdPromoTabRebates is invalid.
Line 1073: The property name Cols in grdPromoTabRebates is invalid.
Line 1074: The property name FixedRows in grdPromoTabRebates is invalid.
Line 1075: The property name FixedCols in grdPromoTabRebates is invalid.
Line 1076: The property name RowHeightMin in grdPromoTabRebates is invalid.
Line 1077: The property name RowHeightMax in grdPromoTabRebates is invalid.
Line 1078: The property name ColWidthMin in grdPromoTabRebates is invalid.
Line 1079: The property name ColWidthMax in grdPromoTabRebates is invalid.
Line 1080: The property name ExtendLastCol in grdPromoTabRebates is invalid.
Line 1081: The property name FormatString in grdPromoTabRebates is invalid.
Line 1082: The property name ScrollTrack in grdPromoTabRebates is invalid.
Line 1083: The property name ScrollBars in grdPromoTabRebates is invalid.
Line 1084: The property name ScrollTips in grdPromoTabRebates is invalid.
Line 1085: The property name MergeCells in grdPromoTabRebates is invalid.
Line 1086: The property name MergeCompare in grdPromoTabRebates is invalid.
Line 1087: The property name AutoResize in grdPromoTabRebates is invalid.
Line 1088: The property name AutoSizeMode in grdPromoTabRebates is invalid.
Line 1089: The property name AutoSearch in grdPromoTabRebates is invalid.
Line 1090: The property name AutoSearchDelay in grdPromoTabRebates is invalid.
Line 1091: The property name MultiTotals in grdPromoTabRebates is invalid.
Line 1092: The property name SubtotalPosition in grdPromoTabRebates is invalid.
Line 1093: The property name OutlineBar in grdPromoTabRebates is invalid.
Line 1094: The property name OutlineCol in grdPromoTabRebates is invalid.
Line 1095: The property name Ellipsis in grdPromoTabRebates is invalid.
Line 1096: The property name ExplorerBar in grdPromoTabRebates is invalid.
Line 1097: The property name PicturesOver in grdPromoTabRebates is invalid.
Line 1100: The property name PictureType in grdPromoTabRebates is invalid.
Line 1101: The property name TabBehavior in grdPromoTabRebates is invalid.
Line 1102: The property name OwnerDraw in grdPromoTabRebates is invalid.
Line 1103: The property name Editable in grdPromoTabRebates is invalid.
Line 1104: The property name ShowComboButton in grdPromoTabRebates is invalid.
Line 1105: The property name WordWrap in grdPromoTabRebates is invalid.
Line 1106: The property name TextStyle in grdPromoTabRebates is invalid.
Line 1107: The property name TextStyleFixed in grdPromoTabRebates is invalid.
Line 1110: The property name DataMode in grdPromoTabRebates is invalid.
Line 1111: The property name VirtualData in grdPromoTabRebates is invalid.
Line 1113: The property name ComboSearch in grdPromoTabRebates is invalid.
Line 1114: The property name AutoSizeMouse in grdPromoTabRebates is invalid.
Line 1115: The property name FrozenRows in grdPromoTabRebates is invalid.
Line 1116: The property name FrozenCols in grdPromoTabRebates is invalid.
Line 1117: The property name AllowUserFreezing in grdPromoTabRebates is invalid.
Line 1118: The property name BackColorFrozen in grdPromoTabRebates is invalid.
Line 1119: The property name ForeColorFrozen in grdPromoTabRebates is invalid.
Line 1120: The property name WallPaperAlignment in grdPromoTabRebates is invalid.
Line 1121: The property name AccessibleName in grdPromoTabRebates is invalid.
Line 1122: The property name AccessibleDescription in grdPromoTabRebates is invalid.
Line 1123: The property name AccessibleValue in grdPromoTabRebates is invalid.
Line 1124: The property name AccessibleRole in grdPromoTabRebates is invalid.
Line 1235: The property name _cx in grdAztecUploads is invalid.
Line 1236: The property name _cy in grdAztecUploads is invalid.
Line 1252: The property name BackColorFixed in grdAztecUploads is invalid.
Line 1253: The property name ForeColorFixed in grdAztecUploads is invalid.
Line 1254: The property name BackColorSel in grdAztecUploads is invalid.
Line 1255: The property name ForeColorSel in grdAztecUploads is invalid.
Line 1256: The property name BackColorBkg in grdAztecUploads is invalid.
Line 1257: The property name BackColorAlternate in grdAztecUploads is invalid.
Line 1258: The property name GridColor in grdAztecUploads is invalid.
Line 1259: The property name GridColorFixed in grdAztecUploads is invalid.
Line 1260: The property name TreeColor in grdAztecUploads is invalid.
Line 1261: The property name FloodColor in grdAztecUploads is invalid.
Line 1262: The property name SheetBorder in grdAztecUploads is invalid.
Line 1263: The property name FocusRect in grdAztecUploads is invalid.
Line 1264: The property name HighLight in grdAztecUploads is invalid.
Line 1265: The property name AllowSelection in grdAztecUploads is invalid.
Line 1266: The property name AllowBigSelection in grdAztecUploads is invalid.
Line 1267: The property name AllowUserResizing in grdAztecUploads is invalid.
Line 1268: The property name SelectionMode in grdAztecUploads is invalid.
Line 1269: The property name GridLines in grdAztecUploads is invalid.
Line 1270: The property name GridLinesFixed in grdAztecUploads is invalid.
Line 1271: The property name GridLineWidth in grdAztecUploads is invalid.
Line 1272: The property name Rows in grdAztecUploads is invalid.
Line 1273: The property name Cols in grdAztecUploads is invalid.
Line 1274: The property name FixedRows in grdAztecUploads is invalid.
Line 1275: The property name FixedCols in grdAztecUploads is invalid.
Line 1276: The property name RowHeightMin in grdAztecUploads is invalid.
Line 1277: The property name RowHeightMax in grdAztecUploads is invalid.
Line 1278: The property name ColWidthMin in grdAztecUploads is invalid.
Line 1279: The property name ColWidthMax in grdAztecUploads is invalid.
Line 1280: The property name ExtendLastCol in grdAztecUploads is invalid.
Line 1281: The property name FormatString in grdAztecUploads is invalid.
Line 1282: The property name ScrollTrack in grdAztecUploads is invalid.
Line 1283: The property name ScrollBars in grdAztecUploads is invalid.
Line 1284: The property name ScrollTips in grdAztecUploads is invalid.
Line 1285: The property name MergeCells in grdAztecUploads is invalid.
Line 1286: The property name MergeCompare in grdAztecUploads is invalid.
Line 1287: The property name AutoResize in grdAztecUploads is invalid.
Line 1288: The property name AutoSizeMode in grdAztecUploads is invalid.
Line 1289: The property name AutoSearch in grdAztecUploads is invalid.
Line 1290: The property name AutoSearchDelay in grdAztecUploads is invalid.
Line 1291: The property name MultiTotals in grdAztecUploads is invalid.
Line 1292: The property name SubtotalPosition in grdAztecUploads is invalid.
Line 1293: The property name OutlineBar in grdAztecUploads is invalid.
Line 1294: The property name OutlineCol in grdAztecUploads is invalid.
Line 1295: The property name Ellipsis in grdAztecUploads is invalid.
Line 1296: The property name ExplorerBar in grdAztecUploads is invalid.
Line 1297: The property name PicturesOver in grdAztecUploads is invalid.
Line 1300: The property name PictureType in grdAztecUploads is invalid.
Line 1301: The property name TabBehavior in grdAztecUploads is invalid.
Line 1302: The property name OwnerDraw in grdAztecUploads is invalid.
Line 1303: The property name Editable in grdAztecUploads is invalid.
Line 1304: The property name ShowComboButton in grdAztecUploads is invalid.
Line 1305: The property name WordWrap in grdAztecUploads is invalid.
Line 1306: The property name TextStyle in grdAztecUploads is invalid.
Line 1307: The property name TextStyleFixed in grdAztecUploads is invalid.
Line 1310: The property name DataMode in grdAztecUploads is invalid.
Line 1311: The property name VirtualData in grdAztecUploads is invalid.
Line 1313: The property name ComboSearch in grdAztecUploads is invalid.
Line 1314: The property name AutoSizeMouse in grdAztecUploads is invalid.
Line 1315: The property name FrozenRows in grdAztecUploads is invalid.
Line 1316: The property name FrozenCols in grdAztecUploads is invalid.
Line 1317: The property name AllowUserFreezing in grdAztecUploads is invalid.
Line 1318: The property name BackColorFrozen in grdAztecUploads is invalid.
Line 1319: The property name ForeColorFrozen in grdAztecUploads is invalid.
Line 1320: The property name WallPaperAlignment in grdAztecUploads is invalid.
Line 1321: The property name AccessibleName in grdAztecUploads is invalid.
Line 1322: The property name AccessibleDescription in grdAztecUploads is invalid.
Line 1323: The property name AccessibleValue in grdAztecUploads is invalid.
Line 1324: The property name AccessibleRole in grdAztecUploads is invalid.
Line 1409: The property name _ExtentX in lvwVersions is invalid.
Line 1410: The property name _ExtentY in lvwVersions is invalid.
Line 1411: The property name View in lvwVersions is invalid.
Line 1412: The property name LabelWrap in lvwVersions is invalid.
Line 1413: The property name HideSelection in lvwVersions is invalid.
Line 1414: The property name _Version in lvwVersions is invalid.
Line 1418: The property name NumItems in lvwVersions is invalid.
Line 1424: The property name ColumnHeader(1) in lvwVersions is invalid.
Line 1431: The property name ColumnHeader(2) in lvwVersions is invalid.
Line 1438: The property name ColumnHeader(3) in lvwVersions is invalid.
Line 1445: The property name ColumnHeader(4) in lvwVersions is invalid.
Line 1452: The property name ColumnHeader(5) in lvwVersions is invalid.
Line 1459: The property name ColumnHeader(6) in lvwVersions is invalid.
Line 1466: The property name ColumnHeader(7) in lvwVersions is invalid.
Line 1474: The property name _ExtentX in lvwUploadsPending is invalid.
Line 1475: The property name _ExtentY in lvwUploadsPending is invalid.
Line 1476: The property name View in lvwUploadsPending is invalid.
Line 1477: The property name Sorted in lvwUploadsPending is invalid.
Line 1478: The property name LabelWrap in lvwUploadsPending is invalid.
Line 1479: The property name HideSelection in lvwUploadsPending is invalid.
Line 1480: The property name _Version in lvwUploadsPending is invalid.
Line 1485: The property name NumItems in lvwUploadsPending is invalid.
Line 1491: The property name ColumnHeader(1) in lvwUploadsPending is invalid.
Line 1498: The property name ColumnHeader(2) in lvwUploadsPending is invalid.
Line 2025: The property name _Version in spnProductReportFinishDate is invalid.
Line 2026: The property name _ExtentX in spnProductReportFinishDate is invalid.
Line 2027: The property name _ExtentY in spnProductReportFinishDate is invalid.
Line 2028: The property name _StockProps in spnProductReportFinishDate is invalid.
Line 2031: The property name Delay in spnProductReportFinishDate is invalid.
Line 2032: The property name ShadowThickness in spnProductReportFinishDate is invalid.
Line 2033: The property name SpinOrientation in spnProductReportFinishDate is invalid.
Line 2034: The property name TdThickness in spnProductReportFinishDate is invalid.
Line 2042: The property name _Version in spnProductReportStartDate is invalid.
Line 2043: The property name _ExtentX in spnProductReportStartDate is invalid.
Line 2044: The property name _ExtentY in spnProductReportStartDate is invalid.
Line 2045: The property name _StockProps in spnProductReportStartDate is invalid.
Line 2048: The property name Delay in spnProductReportStartDate is invalid.
Line 2049: The property name ShadowThickness in spnProductReportStartDate is invalid.
Line 2050: The property name SpinOrientation in spnProductReportStartDate is invalid.
Line 2051: The property name TdThickness in spnProductReportStartDate is invalid.
Line 2097: The property name _Version in spnStickReportStartDate is invalid.
Line 2098: The property name _ExtentX in spnStickReportStartDate is invalid.
Line 2099: The property name _ExtentY in spnStickReportStartDate is invalid.
Line 2100: The property name _StockProps in spnStickReportStartDate is invalid.
Line 2103: The property name Delay in spnStickReportStartDate is invalid.
Line 2104: The property name ShadowThickness in spnStickReportStartDate is invalid.
Line 2105: The property name SpinOrientation in spnStickReportStartDate is invalid.
Line 2106: The property name TdThickness in spnStickReportStartDate is invalid.
Line 2114: The property name _Version in spnStickReportFinishDate is invalid.
Line 2115: The property name _ExtentX in spnStickReportFinishDate is invalid.
Line 2116: The property name _ExtentY in spnStickReportFinishDate is invalid.
Line 2117: The property name _StockProps in spnStickReportFinishDate is invalid.
Line 2120: The property name Delay in spnStickReportFinishDate is invalid.
Line 2121: The property name ShadowThickness in spnStickReportFinishDate is invalid.
Line 2122: The property name SpinOrientation in spnStickReportFinishDate is invalid.
Line 2123: The property name TdThickness in spnStickReportFinishDate is invalid.
Line 2816: The property name _ExtentX in updNielsenRptTxDate is invalid.
Line 2817: The property name _ExtentY in updNielsenRptTxDate is invalid.
Line 2818: The property name _Version in updNielsenRptTxDate is invalid.
Line 2819: The property name OrigLeft in updNielsenRptTxDate is invalid.
Line 2820: The property name OrigTop in updNielsenRptTxDate is invalid.
Line 2821: The property name OrigRight in updNielsenRptTxDate is invalid.
Line 2822: The property name OrigBottom in updNielsenRptTxDate is invalid.
Line 2831: The property name _ExtentX in dtpNielsenRptTxDate is invalid.
Line 2832: The property name _ExtentY in dtpNielsenRptTxDate is invalid.
Line 2833: The property name _Version in dtpNielsenRptTxDate is invalid.
Line 2834: The property name CustomFormat in dtpNielsenRptTxDate is invalid.
Line 2835: The property name Format in dtpNielsenRptTxDate is invalid.
Line 2836: The property name CurrentDate in dtpNielsenRptTxDate is invalid.
Line 3010: The property name _Version in spnTopSellers is invalid.
Line 3011: The property name _ExtentX in spnTopSellers is invalid.
Line 3012: The property name _ExtentY in spnTopSellers is invalid.
Line 3013: The property name _StockProps in spnTopSellers is invalid.
Line 3016: The property name ShadowThickness in spnTopSellers is invalid.
Line 3017: The property name TdThickness in spnTopSellers is invalid.
Line 3229: The property name _Version in spnPRProductReportFinishDate is invalid.
Line 3230: The property name _ExtentX in spnPRProductReportFinishDate is invalid.
Line 3231: The property name _ExtentY in spnPRProductReportFinishDate is invalid.
Line 3232: The property name _StockProps in spnPRProductReportFinishDate is invalid.
Line 3235: The property name Delay in spnPRProductReportFinishDate is invalid.
Line 3236: The property name ShadowThickness in spnPRProductReportFinishDate is invalid.
Line 3237: The property name SpinOrientation in spnPRProductReportFinishDate is invalid.
Line 3238: The property name TdThickness in spnPRProductReportFinishDate is invalid.
Line 3246: The property name _Version in spnPRProductReportStartDate is invalid.
Line 3247: The property name _ExtentX in spnPRProductReportStartDate is invalid.
Line 3248: The property name _ExtentY in spnPRProductReportStartDate is invalid.
Line 3249: The property name _StockProps in spnPRProductReportStartDate is invalid.
Line 3252: The property name Delay in spnPRProductReportStartDate is invalid.
Line 3253: The property name ShadowThickness in spnPRProductReportStartDate is invalid.
Line 3254: The property name SpinOrientation in spnPRProductReportStartDate is invalid.
Line 3255: The property name TdThickness in spnPRProductReportStartDate is invalid.
Line 3841: The property name _cx in grdBataRpts is invalid.
Line 3842: The property name _cy in grdBataRpts is invalid.
Line 3858: The property name BackColorFixed in grdBataRpts is invalid.
Line 3859: The property name ForeColorFixed in grdBataRpts is invalid.
Line 3860: The property name BackColorSel in grdBataRpts is invalid.
Line 3861: The property name ForeColorSel in grdBataRpts is invalid.
Line 3862: The property name BackColorBkg in grdBataRpts is invalid.
Line 3863: The property name BackColorAlternate in grdBataRpts is invalid.
Line 3864: The property name GridColor in grdBataRpts is invalid.
Line 3865: The property name GridColorFixed in grdBataRpts is invalid.
Line 3866: The property name TreeColor in grdBataRpts is invalid.
Line 3867: The property name FloodColor in grdBataRpts is invalid.
Line 3868: The property name SheetBorder in grdBataRpts is invalid.
Line 3869: The property name FocusRect in grdBataRpts is invalid.
Line 3870: The property name HighLight in grdBataRpts is invalid.
Line 3871: The property name AllowSelection in grdBataRpts is invalid.
Line 3872: The property name AllowBigSelection in grdBataRpts is invalid.
Line 3873: The property name AllowUserResizing in grdBataRpts is invalid.
Line 3874: The property name SelectionMode in grdBataRpts is invalid.
Line 3875: The property name GridLines in grdBataRpts is invalid.
Line 3876: The property name GridLinesFixed in grdBataRpts is invalid.
Line 3877: The property name GridLineWidth in grdBataRpts is invalid.
Line 3878: The property name Rows in grdBataRpts is invalid.
Line 3879: The property name Cols in grdBataRpts is invalid.
Line 3880: The property name FixedRows in grdBataRpts is invalid.
Line 3881: The property name FixedCols in grdBataRpts is invalid.
Line 3882: The property name RowHeightMin in grdBataRpts is invalid.
Line 3883: The property name RowHeightMax in grdBataRpts is invalid.
Line 3884: The property name ColWidthMin in grdBataRpts is invalid.
Line 3885: The property name ColWidthMax in grdBataRpts is invalid.
Line 3886: The property name ExtendLastCol in grdBataRpts is invalid.
Line 3887: The property name FormatString in grdBataRpts is invalid.
Line 3888: The property name ScrollTrack in grdBataRpts is invalid.
Line 3889: The property name ScrollBars in grdBataRpts is invalid.
Line 3890: The property name ScrollTips in grdBataRpts is invalid.
Line 3891: The property name MergeCells in grdBataRpts is invalid.
Line 3892: The property name MergeCompare in grdBataRpts is invalid.
Line 3893: The property name AutoResize in grdBataRpts is invalid.
Line 3894: The property name AutoSizeMode in grdBataRpts is invalid.
Line 3895: The property name AutoSearch in grdBataRpts is invalid.
Line 3896: The property name AutoSearchDelay in grdBataRpts is invalid.
Line 3897: The property name MultiTotals in grdBataRpts is invalid.
Line 3898: The property name SubtotalPosition in grdBataRpts is invalid.
Line 3899: The property name OutlineBar in grdBataRpts is invalid.
Line 3900: The property name OutlineCol in grdBataRpts is invalid.
Line 3901: The property name Ellipsis in grdBataRpts is invalid.
Line 3902: The property name ExplorerBar in grdBataRpts is invalid.
Line 3903: The property name PicturesOver in grdBataRpts is invalid.
Line 3906: The property name PictureType in grdBataRpts is invalid.
Line 3907: The property name TabBehavior in grdBataRpts is invalid.
Line 3908: The property name OwnerDraw in grdBataRpts is invalid.
Line 3909: The property name Editable in grdBataRpts is invalid.
Line 3910: The property name ShowComboButton in grdBataRpts is invalid.
Line 3911: The property name WordWrap in grdBataRpts is invalid.
Line 3912: The property name TextStyle in grdBataRpts is invalid.
Line 3913: The property name TextStyleFixed in grdBataRpts is invalid.
Line 3916: The property name DataMode in grdBataRpts is invalid.
Line 3917: The property name VirtualData in grdBataRpts is invalid.
Line 3919: The property name ComboSearch in grdBataRpts is invalid.
Line 3920: The property name AutoSizeMouse in grdBataRpts is invalid.
Line 3921: The property name FrozenRows in grdBataRpts is invalid.
Line 3922: The property name FrozenCols in grdBataRpts is invalid.
Line 3923: The property name AllowUserFreezing in grdBataRpts is invalid.
Line 3924: The property name BackColorFrozen in grdBataRpts is invalid.
Line 3925: The property name ForeColorFrozen in grdBataRpts is invalid.
Line 3926: The property name WallPaperAlignment in grdBataRpts is invalid.
Line 3927: The property name AccessibleName in grdBataRpts is invalid.
Line 3928: The property name AccessibleDescription in grdBataRpts is invalid.
Line 3929: The property name AccessibleValue in grdBataRpts is invalid.
Line 3930: The property name AccessibleRole in grdBataRpts is invalid.
Line 3938: The property name _ExtentX in dtpBataTabTxDate is invalid.
Line 3939: The property name _ExtentY in dtpBataTabTxDate is invalid.
Line 3940: The property name _Version in dtpBataTabTxDate is invalid.
Line 3941: The property name CustomFormat in dtpBataTabTxDate is invalid.
Line 3942: The property name Format in dtpBataTabTxDate is invalid.
Line 3943: The property name CurrentDate in dtpBataTabTxDate is invalid.
Line 3970: The property name _ExtentX in lvwPromo is invalid.
Line 3971: The property name _ExtentY in lvwPromo is invalid.
Line 3972: The property name View in lvwPromo is invalid.
Line 3973: The property name MultiSelect in lvwPromo is invalid.
Line 3974: The property name LabelWrap in lvwPromo is invalid.
Line 3975: The property name HideSelection in lvwPromo is invalid.
Line 3976: The property name _Version in lvwPromo is invalid.
Line 3980: The property name NumItems in lvwPromo is invalid.
Line 3986: The property name ColumnHeader(1) in lvwPromo is invalid.
Line 3993: The property name ColumnHeader(2) in lvwPromo is invalid.
Line 4000: The property name ColumnHeader(3) in lvwPromo is invalid.
Line 4007: The property name ColumnHeader(4) in lvwPromo is invalid.
Line 4014: The property name ColumnHeader(5) in lvwPromo is invalid.
Line 4021: The property name ColumnHeader(6) in lvwPromo is invalid.
Line 4028: The property name ColumnHeader(7) in lvwPromo is invalid.
Line 4035: The property name ColumnHeader(8) in lvwPromo is invalid.
Line 4042: The property name ColumnHeader(9) in lvwPromo is invalid.
Line 4049: The property name ColumnHeader(10) in lvwPromo is invalid.
Line 4056: The property name ColumnHeader(11) in lvwPromo is invalid.
Line 4065: The property name _ExtentX in lvwProductReport is invalid.
Line 4066: The property name _ExtentY in lvwProductReport is invalid.
Line 4067: The property name View in lvwProductReport is invalid.
Line 4068: The property name LabelWrap in lvwProductReport is invalid.
Line 4069: The property name HideSelection in lvwProductReport is invalid.
Line 4070: The property name _Version in lvwProductReport is invalid.
Line 4075: The property name NumItems in lvwProductReport is invalid.
Line 4081: The property name ColumnHeader(1) in lvwProductReport is invalid.
Line 4088: The property name ColumnHeader(2) in lvwProductReport is invalid.
Line 4095: The property name ColumnHeader(3) in lvwProductReport is invalid.
Line 4102: The property name ColumnHeader(4) in lvwProductReport is invalid.
Line 4109: The property name ColumnHeader(5) in lvwProductReport is invalid.
Line 4116: The property name ColumnHeader(6) in lvwProductReport is invalid.
Line 4123: The property name ColumnHeader(7) in lvwProductReport is invalid.
Line 4130: The property name ColumnHeader(8) in lvwProductReport is invalid.
Line 4137: The property name ColumnHeader(9) in lvwProductReport is invalid.
Line 4144: The property name ColumnHeader(10) in lvwProductReport is invalid.
Line 4152: The property name _ExtentX in rtxNielsenReportContents is invalid.
Line 4153: The property name _ExtentY in rtxNielsenReportContents is invalid.
Line 4154: The property name _Version in rtxNielsenReportContents is invalid.
Line 4156: The property name ScrollBars in rtxNielsenReportContents is invalid.
Line 4157: The property name RightMargin in rtxNielsenReportContents is invalid.
Line 4158: The property name TextRTF in rtxNielsenReportContents is invalid.
Line 4177: The property name _ExtentX in lvwStickReport is invalid.
Line 4178: The property name _ExtentY in lvwStickReport is invalid.
Line 4179: The property name View in lvwStickReport is invalid.
Line 4180: The property name LabelWrap in lvwStickReport is invalid.
Line 4181: The property name HideSelection in lvwStickReport is invalid.
Line 4182: The property name _Version in lvwStickReport is invalid.
Line 4186: The property name NumItems in lvwStickReport is invalid.
Line 4192: The property name ColumnHeader(1) in lvwStickReport is invalid.
Line 4199: The property name ColumnHeader(2) in lvwStickReport is invalid.
Line 4207: The property name ColumnHeader(3) in lvwStickReport is invalid.
Line 4215: The property name ColumnHeader(4) in lvwStickReport is invalid.
Line 4223: The property name _ExtentX in lvwPRProductReport is invalid.
Line 4224: The property name _ExtentY in lvwPRProductReport is invalid.
Line 4225: The property name View in lvwPRProductReport is invalid.
Line 4226: The property name LabelWrap in lvwPRProductReport is invalid.
Line 4227: The property name HideSelection in lvwPRProductReport is invalid.
Line 4228: The property name _Version in lvwPRProductReport is invalid.
Line 4233: The property name NumItems in lvwPRProductReport is invalid.
Line 4239: The property name ColumnHeader(1) in lvwPRProductReport is invalid.
Line 4246: The property name ColumnHeader(2) in lvwPRProductReport is invalid.
Line 4253: The property name ColumnHeader(3) in lvwPRProductReport is invalid.
Line 4260: The property name ColumnHeader(4) in lvwPRProductReport is invalid.
Line 4267: The property name ColumnHeader(5) in lvwPRProductReport is invalid.
Line 4274: The property name ColumnHeader(6) in lvwPRProductReport is invalid.
Line 4282: The property name _ExtentX in lvwEventLog is invalid.
Line 4283: The property name _ExtentY in lvwEventLog is invalid.
Line 4284: The property name View in lvwEventLog is invalid.
Line 4285: The property name LabelWrap in lvwEventLog is invalid.
Line 4286: The property name HideSelection in lvwEventLog is invalid.
Line 4287: The property name _Version in lvwEventLog is invalid.
Line 4300: The property name NumItems in lvwEventLog is invalid.
Line 4306: The property name ColumnHeader(1) in lvwEventLog is invalid.
Line 4313: The property name ColumnHeader(2) in lvwEventLog is invalid.
Line 4320: The property name ColumnHeader(3) in lvwEventLog is invalid.
